0 info it worked if it ends with ok
1 verbose cli [ '/home/aftab/Node/bin/node',
1 verbose cli   '/home/aftab/Node/bin/npm',
1 verbose cli   'run',
1 verbose cli   'serve' ]
2 info using npm@3.9.2
3 info using node@v5.9.1
4 verbose run-script [ 'preserve', 'serve', 'postserve' ]
5 info lifecycle snakes@1.0.0~preserve: snakes@1.0.0
6 silly lifecycle snakes@1.0.0~preserve: no script for preserve, continuing
7 info lifecycle snakes@1.0.0~serve: snakes@1.0.0
8 verbose lifecycle snakes@1.0.0~serve: unsafe-perm in lifecycle true
9 verbose lifecycle snakes@1.0.0~serve: PATH: /home/aftab/Node/lib/node_modules/npm/bin/node-gyp-bin:/home/aftab/My_Files/Learning/Programming/Web_Dev/snakes/node_modules/.bin:/home/aftab/Node/bin:/usr/local/sbin:/usr/local/bin:/usr/sbin:/usr/bin:/sbin:/bin:/usr/games:/usr/local/games:/home/aftab/Node/bin:/home/aftab/MongoDB/bin:/usr/local/android-studio/bin
10 verbose lifecycle snakes@1.0.0~serve: CWD: /home/aftab/My_Files/Learning/Programming/Web_Dev/snakes
11 silly lifecycle snakes@1.0.0~serve: Args: [ '-c', 'node ./server/server.js' ]
12 silly lifecycle snakes@1.0.0~serve: Returned: code: 1  signal: null
13 info lifecycle snakes@1.0.0~serve: Failed to exec serve script
14 verbose stack Error: snakes@1.0.0 serve: `node ./server/server.js`
14 verbose stack Exit status 1
14 verbose stack     at EventEmitter.<anonymous> (/home/aftab/Node/lib/node_modules/npm/lib/utils/lifecycle.js:245:16)
14 verbose stack     at emitTwo (events.js:100:13)
14 verbose stack     at EventEmitter.emit (events.js:185:7)
14 verbose stack     at ChildProcess.<anonymous> (/home/aftab/Node/lib/node_modules/npm/lib/utils/spawn.js:24:14)
14 verbose stack     at emitTwo (events.js:100:13)
14 verbose stack     at ChildProcess.emit (events.js:185:7)
14 verbose stack     at maybeClose (internal/child_process.js:850:16)
14 verbose stack     at Process.ChildProcess._handle.onexit (internal/child_process.js:215:5)
15 verbose pkgid snakes@1.0.0
16 verbose cwd /home/aftab/My_Files/Learning/Programming/Web_Dev/snakes
17 error Linux 3.19.0-59-generic
18 error argv "/home/aftab/Node/bin/node" "/home/aftab/Node/bin/npm" "run" "serve"
19 error node v5.9.1
20 error npm  v3.9.2
21 error code ELIFECYCLE
22 error snakes@1.0.0 serve: `node ./server/server.js`
22 error Exit status 1
23 error Failed at the snakes@1.0.0 serve script 'node ./server/server.js'.
23 error Make sure you have the latest version of node.js and npm installed.
23 error If you do, this is most likely a problem with the snakes package,
23 error not with npm itself.
23 error Tell the author that this fails on your system:
23 error     node ./server/server.js
23 error You can get information on how to open an issue for this project with:
23 error     npm bugs snakes
23 error Or if that isn't available, you can get their info via:
23 error     npm owner ls snakes
23 error There is likely additional logging output above.
24 verbose exit [ 1, true ]
